#
# A fatal error has been detected by the Java Runtime Environment:
#
#  EXCEPTION_ACCESS_VIOLATION (0xc0000005) at pc=0x00007ff98e5f7ffd, pid=289400, tid=255732
#
# JRE version: Java(TM) SE Runtime Environment (8.0_31-b13) (build 1.8.0_31-b13)
# Java VM: Java HotSpot(TM) 64-Bit Server VM (25.31-b07 mixed mode windows-amd64 compressed oops)
# Problematic frame:
# C  [ntdll.dll+0x27ffd]
#
# Failed to write core dump. Minidumps are not enabled by default on client versions of Windows
#
# If you would like to submit a bug report, please visit:
#   http://bugreport.java.com/bugreport/crash.jsp
# The crash happened outside the Java Virtual Machine in native code.
# See problematic frame for where to report the bug.
#

---------------  T H R E A D  ---------------

Current thread (0x0000000002362800):  JavaThread "main" [_thread_in_native, id=255732, stack(0x0000000002180000,0x0000000002280000)]

siginfo: ExceptionCode=0xc0000005, reading address 0xffffffff1c47ca20

Registers:
RAX=0x0000000000000041, RBX=0x00000000006c0000, RCX=0x00000000000022a8, RDX=0x0000000000000005
RSP=0x000000000227cf80, RBP=0x0000000000000410, RSI=0x000000001c42a4d0, RDI=0x000000001c470270
R8 =0x000000000000ff00, R9 =0x0000000000000000, R10=0x000000001c470280, R11=0x000000000227d278
R12=0x0000000000000002, R13=0x0000000000000041, R14=0xffffffff1c47ca20, R15=0x0000000000000001
RIP=0x00007ff98e5f7ffd, EFLAGS=0x0000000000010246

Top of Stack: (sp=0x000000000227cf80)
0x000000000227cf80:   00000000d5b05ab0 000000000275d509
0x000000000227cf90:   00000000167a9610 000000000227cff0
0x000000000227cfa0:   0000000000000000 0000000057e3f0d7
0x000000000227cfb0:   00000000d7669a01 0000000000000000
0x000000000227cfc0:   00000000023a9f80 0000000000000001
0x000000000227cfd0:   0000000000000000 0000000000000001
0x000000000227cfe0:   0000000002362800 0000000100002368
0x000000000227cff0:   000100000227d068 0000000000000000
0x000000000227d000:   000000001c470270 0000000057b42e00
0x000000000227d010:   00000000d7669a10 0000000000000001
0x000000000227d020:   0000000000000000 0000000000000041
0x000000000227d030:   0000000000000000 000000000227d0c0
0x000000000227d040:   00000000166e69e8 0000000000000000
0x000000000227d050:   0000000016667380 0000000000000000
0x000000000227d060:   000000000227d0b8 000000000227d1a0
0x000000000227d070:   000000000246061a 0000000000000000 

Instructions: (pc=0x00007ff98e5f7ffd)
0x00007ff98e5f7fdd:   47 09 32 47 08 38 47 0b 74 0b 48 8b d7 48 8b cb
0x00007ff98e5f7fed:   e8 be 89 0c 00 4c 8d 57 10 49 8b 32 4c 8b 77 18
0x00007ff98e5f7ffd:   49 8b 06 4c 8b 4e 08 49 3b c1 0f 85 a2 00 00 00
0x00007ff98e5f800d:   49 3b c2 0f 85 99 00 00 00 0f b7 47 08 48 29 83 


Register to memory mapping:

RAX=0x0000000000000041 is an unknown value
RBX=0x00000000006c0000 is an unknown value
RCX=0x00000000000022a8 is an unknown value
RDX=0x0000000000000005 is an unknown value
RSP=0x000000000227cf80 is pointing into the stack for thread: 0x0000000002362800
RBP=0x0000000000000410 is an unknown value
RSI=0x000000001c42a4d0 is an unknown value
RDI=0x000000001c470270 is an unknown value
R8 =0x000000000000ff00 is an unknown value
R9 =0x0000000000000000 is an unknown value
R10=0x000000001c470280 is an unknown value
R11=0x000000000227d278 is pointing into the stack for thread: 0x0000000002362800
R12=0x0000000000000002 is an unknown value
R13=0x0000000000000041 is an unknown value
R14=0xffffffff1c47ca20 is an unknown value
R15=0x0000000000000001 is an unknown value


Stack: [0x0000000002180000,0x0000000002280000],  sp=0x000000000227cf80,  free space=1011k
Native frames: (J=compiled Java code, j=interpreted, Vv=VM code, C=native code)
C  [ntdll.dll+0x27ffd]

Java frames: (J=compiled Java code, j=interpreted, Vv=VM code)
j  sun.font.FileFontStrike._getGlyphImageFromWindows(Ljava/lang/String;IIIZ)J+0
j  sun.font.FileFontStrike.getGlyphImageFromWindows(I)J+65
j  sun.font.FileFontStrike.getGlyphImageFromNative(I)J+8
j  sun.font.FileFontStrike.getGlyphImagePtr(I)J+35
j  sun.font.FileFontStrike.getGlyphAdvance(IZ)F+240
j  sun.font.FileFontStrike.getGlyphAdvance(I)F+3
j  sun.font.CompositeStrike.getGlyphAdvance(I)F+11
j  sun.font.CompositeStrike.getCodePointAdvance(I)F+12
j  sun.font.FontDesignMetrics.handleCharWidth(I)F+5
j  sun.font.FontDesignMetrics.getLatinCharWidth(C)F+16
j  sun.font.FontDesignMetrics.stringWidth(Ljava/lang/String;)I+92
j  sun.swing.SwingUtilities2.stringWidth(Ljavax/swing/JComponent;Ljava/awt/FontMetrics;Ljava/lang/String;)I+104
j  javax.swing.SwingUtilities.layoutCompoundLabelImpl(Ljavax/swing/JComponent;Ljava/awt/FontMetrics;Ljava/lang/String;Ljavax/swing/Icon;IIIILjava/awt/Rectangle;Ljava/awt/Rectangle;Ljava/awt/Rectangle;I)Ljava/lang/String;+197
j  javax.swing.SwingUtilities.layoutCompoundLabel(Ljavax/swing/JComponent;Ljava/awt/FontMetrics;Ljava/lang/String;Ljavax/swing/Icon;IIIILjava/awt/Rectangle;Ljava/awt/Rectangle;Ljava/awt/Rectangle;I)Ljava/lang/String;+159
j  javax.swing.plaf.basic.BasicLabelUI.layoutCL(Ljavax/swing/JLabel;Ljava/awt/FontMetrics;Ljava/lang/String;Ljavax/swing/Icon;Ljava/awt/Rectangle;Ljava/awt/Rectangle;Ljava/awt/Rectangle;)Ljava/lang/String;+31
j  javax.swing.plaf.basic.BasicLabelUI.getPreferredSize(Ljavax/swing/JComponent;)Ljava/awt/Dimension;+265
j  javax.swing.JComponent.getPreferredSize()Ljava/awt/Dimension;+26
j  javax.swing.tree.DefaultTreeCellRenderer.getPreferredSize()Ljava/awt/Dimension;+1
j  javax.swing.plaf.basic.BasicTreeUI$NodeDimensionsHandler.getNodeDimensions(Ljava/lang/Object;IIZLjava/awt/Rectangle;)Ljava/awt/Rectangle;+222
j  javax.swing.tree.AbstractLayoutCache.getNodeDimensions(Ljava/lang/Object;IIZLjava/awt/Rectangle;)Ljava/awt/Rectangle;+20
j  javax.swing.tree.VariableHeightLayoutCache$TreeStateNode.updatePreferredSize(I)V+24
j  javax.swing.tree.VariableHeightLayoutCache.rebuild(Z)V+65
j  javax.swing.tree.VariableHeightLayoutCache.setModel(Ljavax/swing/tree/TreeModel;)V+7
j  javax.swing.plaf.basic.BasicTreeUI.setModel(Ljavax/swing/tree/TreeModel;)V+75
j  javax.swing.plaf.basic.BasicTreeUI$Handler.propertyChange(Ljava/beans/PropertyChangeEvent;)V+193
j  java.beans.PropertyChangeSupport.fire([Ljava/beans/PropertyChangeListener;Ljava/beans/PropertyChangeEvent;)V+27
j  java.beans.PropertyChangeSupport.firePropertyChange(Ljava/beans/PropertyChangeEvent;)V+71
j  java.beans.PropertyChangeSupport.firePropertyChange(Ljava/lang/String;Ljava/lang/Object;Ljava/lang/Object;)V+31
j  java.awt.Component.firePropertyChange(Ljava/lang/String;Ljava/lang/Object;Ljava/lang/Object;)V+55
j  javax.swing.JTree.setModel(Ljavax/swing/tree/TreeModel;)V+202
j  javax.swing.JTree.<init>(Ljavax/swing/tree/TreeModel;)V+117
j  javax.swing.JTree.<init>()V+4
j  com.esri.toolkit.legend.JLegend.<init>(Lcom/esri/map/JMap;)V+77
j  MyArcMap.<init>()V+299
j  Main.main([Ljava/lang/String;)V+4
v  ~StubRoutines::call_stub
j  sun.reflect.NativeMethodAccessorImpl.invoke0(Ljava/lang/reflect/Method;Ljava/lang/Object;[Ljava/lang/Object;)Ljava/lang/Object;+0
j  sun.reflect.NativeMethodAccessorImpl.invoke(Ljava/lang/Object;[Ljava/lang/Object;)Ljava/lang/Object;+100
j  sun.reflect.DelegatingMethodAccessorImpl.invoke(Ljava/lang/Object;[Ljava/lang/Object;)Ljava/lang/Object;+6
j  java.lang.reflect.Method.invoke(Ljava/lang/Object;[Ljava/lang/Object;)Ljava/lang/Object;+56
j  com.intellij.rt.execution.application.AppMain.main([Ljava/lang/String;)V+157
v  ~StubRoutines::call_stub

---------------  P R O C E S S  ---------------

Java Threads: ( => current thread )
  0x00000000195cf800 JavaThread "Image Fetcher 0" daemon [_thread_blocked, id=279308, stack(0x000000001d740000,0x000000001d840000)]
  0x00000000195fd800 JavaThread "AWT-EventQueue-0" [_thread_blocked, id=290676, stack(0x000000001d640000,0x000000001d740000)]
  0x00000000195f6800 JavaThread "AWT-Shutdown" [_thread_blocked, id=288296, stack(0x000000001d540000,0x000000001d640000)]
  0x00000000195f6000 JavaThread "TimerQueue" daemon [_thread_blocked, id=289764, stack(0x000000001d440000,0x000000001d540000)]
  0x00000000195e9000 JavaThread "pool-1-thread-2" [_thread_in_native, id=283720, stack(0x000000001d140000,0x000000001d240000)]
  0x00000000195e0000 JavaThread "pool-1-thread-1" [_thread_blocked, id=289924, stack(0x000000001d040000,0x000000001d140000)]
  0x000000001915d000 JavaThread "AWT-Windows" daemon [_thread_in_native, id=254492, stack(0x0000000019ae0000,0x0000000019be0000)]
  0x000000001915a800 JavaThread "Java2D Disposer" daemon [_thread_blocked, id=289768, stack(0x00000000198e0000,0x00000000199e0000)]
  0x0000000018c43000 JavaThread "Monitor Ctrl-Break" daemon [_thread_in_native, id=288644, stack(0x0000000018e40000,0x0000000018f40000)]
  0x000000001704c800 JavaThread "Service Thread" daemon [_thread_blocked, id=290456, stack(0x0000000018840000,0x0000000018940000)]
  0x0000000017042000 JavaThread "C1 CompilerThread2" daemon [_thread_blocked, id=279924, stack(0x0000000018740000,0x0000000018840000)]
  0x0000000016ff1000 JavaThread "C2 CompilerThread1" daemon [_thread_blocked, id=290408, stack(0x0000000018640000,0x0000000018740000)]
  0x0000000016fef000 JavaThread "C2 CompilerThread0" daemon [_thread_blocked, id=256076, stack(0x0000000018540000,0x0000000018640000)]
  0x0000000016fed000 JavaThread "Attach Listener" daemon [_thread_blocked, id=289452, stack(0x0000000018440000,0x0000000018540000)]
  0x0000000016fec000 JavaThread "Signal Dispatcher" daemon [_thread_blocked, id=284412, stack(0x0000000018340000,0x0000000018440000)]
  0x0000000002450800 JavaThread "Finalizer" daemon [_thread_blocked, id=289108, stack(0x0000000018240000,0x0000000018340000)]
  0x000000000244d000 JavaThread "Reference Handler" daemon [_thread_blocked, id=289904, stack(0x0000000018140000,0x0000000018240000)]
=>0x0000000002362800 JavaThread "main" [_thread_in_native, id=255732, stack(0x0000000002180000,0x0000000002280000)]

Other Threads:
  0x0000000016fb7000 VMThread [stack: 0x0000000018040000,0x0000000018140000] [id=288824]
  0x0000000018940800 WatcherThread [stack: 0x0000000018d40000,0x0000000018e40000] [id=256664]

VM state:not at safepoint (normal execution)

VM Mutex/Monitor currently owned by a thread: None

Heap:
 PSYoungGen      total 38400K, used 30711K [0x00000000d5b00000, 0x00000000d8580000, 0x0000000100000000)
  eden space 33280K, 92% used [0x00000000d5b00000,0x00000000d78fdc80,0x00000000d7b80000)
  from space 5120K, 0% used [0x00000000d8080000,0x00000000d8080000,0x00000000d8580000)
  to   space 5120K, 0% used [0x00000000d7b80000,0x00000000d7b80000,0x00000000d8080000)
 ParOldGen       total 87552K, used 0K [0x0000000081000000, 0x0000000086580000, 0x00000000d5b00000)
  object space 87552K, 0% used [0x0000000081000000,0x0000000081000000,0x0000000086580000)
 Metaspace       used 15816K, capacity 15962K, committed 16128K, reserved 1062912K
  class space    used 1947K, capacity 2023K, committed 2048K, reserved 1048576K

Card table byte_map: [0x0000000011820000,0x0000000011c20000] byte_map_base: 0x0000000011418000

Marking Bits: (ParMarkBitMap*) 0x000000005856d4f0
 Begin Bits: [0x00000000122d0000, 0x0000000014290000)
 End Bits:   [0x0000000014290000, 0x0000000016250000)

Polling page: 0x0000000002120000

CodeCache: size=245760Kb used=3235Kb max_used=3235Kb free=242525Kb
 bounds [0x0000000002460000, 0x0000000002790000, 0x0000000011460000]
 total_blobs=1371 nmethods=812 adapters=473
 compilation: enabled

Compilation events (10 events):
Event: 3.047 Thread 0x0000000017042000  808       1       java.awt.image.SampleModel::getNumBands (5 bytes)
Event: 3.047 Thread 0x0000000017042000 nmethod 808 0x000000000277ae50 code [0x000000000277afa0, 0x000000000277b0b0]
Event: 3.047 Thread 0x0000000017042000  809   !   3       sun.net.www.ParseUtil::decode (316 bytes)
Event: 3.051 Thread 0x0000000017042000 nmethod 809 0x0000000002783490 code [0x0000000002783960, 0x0000000002786f38]
Event: 3.051 Thread 0x0000000017042000  811       1       java.awt.image.Raster::getWidth (5 bytes)
Event: 3.051 Thread 0x0000000017042000 nmethod 811 0x000000000277ab90 code [0x000000000277ace0, 0x000000000277adf0]
Event: 3.051 Thread 0x0000000017042000  812       1       java.awt.image.Raster::getHeight (5 bytes)
Event: 3.051 Thread 0x0000000017042000 nmethod 812 0x0000000002788f90 code [0x00000000027890e0, 0x00000000027891f0]
Event: 3.051 Thread 0x0000000017042000  810       3       java.nio.charset.CoderResult::isOverflow (14 bytes)
Event: 3.051 Thread 0x0000000017042000 nmethod 810 0x0000000002789250 code [0x00000000027893a0, 0x0000000002789550]

GC Heap History (0 events):
No events

Deoptimization events (0 events):
No events

Internal exceptions (10 events):
Event: 2.811 Thread 0x0000000002362800 Exception <a 'java/security/PrivilegedActionException'> (0x00000000d745cf18) thrown at [C:\workspace\8-2-build-windows-amd64-cygwin\jdk8u31\2394\hotspot\src\share\vm\prims\jvm.cpp, line 1312]
Event: 2.813 Thread 0x0000000002362800 Exception <a 'java/security/PrivilegedActionException'> (0x00000000d7463f30) thrown at [C:\workspace\8-2-build-windows-amd64-cygwin\jdk8u31\2394\hotspot\src\share\vm\prims\jvm.cpp, line 1312]
Event: 2.892 Thread 0x00000000195e0000 Exception <a 'java/lang/RuntimeException': A malloc() failed> (0x00000000d74978f8) thrown at [C:\workspace\8-2-build-windows-amd64-cygwin\jdk8u31\2394\hotspot\src\share\vm\prims\jni.cpp, line 742]
Event: 2.893 Thread 0x00000000195e0000 Exception <a 'java/security/PrivilegedActionException'> (0x00000000d7498c50) thrown at [C:\workspace\8-2-build-windows-amd64-cygwin\jdk8u31\2394\hotspot\src\share\vm\prims\jvm.cpp, line 1312]
Event: 2.971 Thread 0x0000000002362800 Exception <a 'java/security/PrivilegedActionException'> (0x00000000d76a1668) thrown at [C:\workspace\8-2-build-windows-amd64-cygwin\jdk8u31\2394\hotspot\src\share\vm\prims\jvm.cpp, line 1312]
Event: 2.984 Thread 0x0000000002362800 Exception <a 'java/security/PrivilegedActionException'> (0x00000000d76a9378) thrown at [C:\workspace\8-2-build-windows-amd64-cygwin\jdk8u31\2394\hotspot\src\share\vm\prims\jvm.cpp, line 1312]
Event: 2.985 Thread 0x0000000002362800 Exception <a 'java/security/PrivilegedActionException'> (0x00000000d76b0100) thrown at [C:\workspace\8-2-build-windows-amd64-cygwin\jdk8u31\2394\hotspot\src\share\vm\prims\jvm.cpp, line 1312]
Event: 2.995 Thread 0x0000000002362800 Exception <a 'java/security/PrivilegedActionException'> (0x00000000d76b6bd0) thrown at [C:\workspace\8-2-build-windows-amd64-cygwin\jdk8u31\2394\hotspot\src\share\vm\prims\jvm.cpp, line 1312]
Event: 2.996 Thread 0x0000000002362800 Exception <a 'java/security/PrivilegedActionException'> (0x00000000d76bb878) thrown at [C:\workspace\8-2-build-windows-amd64-cygwin\jdk8u31\2394\hotspot\src\share\vm\prims\jvm.cpp, line 1312]
Event: 2.996 Thread 0x0000000002362800 Exception <a 'java/security/PrivilegedActionException'> (0x00000000d76c1838) thrown at [C:\workspace\8-2-build-windows-amd64-cygwin\jdk8u31\2394\hotspot\src\share\vm\prims\jvm.cpp, line 1312]

Events (10 events):
Event: 3.050 loading class javax/swing/JMenu
Event: 3.050 loading class javax/swing/MenuElement
Event: 3.050 loading class javax/swing/MenuElement done
Event: 3.050 loading class javax/swing/JMenuItem
Event: 3.050 loading class javax/swing/JMenuItem done
Event: 3.050 loading class javax/swing/JMenu done
Event: 3.050 loading class javax/swing/JTree$TreeModelHandler
Event: 3.050 loading class javax/swing/JTree$TreeModelHandler done
Event: 3.051 loading class javax/swing/tree/VariableHeightLayoutCache$TreeStateNode
Event: 3.051 loading class javax/swing/tree/VariableHeightLayoutCache$TreeStateNode done


Dynamic libraries:
0x00007ff6b74b0000 - 0x00007ff6b74e4000 	C:\Program Files\Java\jdk1.8.0_31\bin\java.exe
0x00007ff98e5d0000 - 0x00007ff98e791000 	C:\WINDOWS\SYSTEM32\ntdll.dll
0x00007ff98c7c0000 - 0x00007ff98c86d000 	C:\WINDOWS\system32\KERNEL32.DLL
0x00007ff98b3c0000 - 0x00007ff98b5a8000 	C:\WINDOWS\system32\KERNELBASE.dll
0x00007ff98bbb0000 - 0x00007ff98bc57000 	C:\WINDOWS\system32\ADVAPI32.dll
0x00007ff98dff0000 - 0x00007ff98e08d000 	C:\WINDOWS\system32\msvcrt.dll
0x00007ff98e390000 - 0x00007ff98e3eb000 	C:\WINDOWS\system32\sechost.dll
0x00007ff98c1e0000 - 0x00007ff98c2fc000 	C:\WINDOWS\system32\RPCRT4.dll
0x00007ff98e230000 - 0x00007ff98e386000 	C:\WINDOWS\system32\USER32.dll
0x00007ff98e0a0000 - 0x00007ff98e226000 	C:\WINDOWS\system32\GDI32.dll
0x00007ff97a460000 - 0x00007ff97a6d4000 	C:\WINDOWS\WinSxS\amd64_microsoft.windows.common-controls_6595b64144ccf1df_6.0.10586.0_none_8c15ae12515e1c22\COMCTL32.dll
0x00007ff98c320000 - 0x00007ff98c59d000 	C:\WINDOWS\system32\combase.dll
0x00007ff98b6c0000 - 0x00007ff98b72a000 	C:\WINDOWS\system32\bcryptPrimitives.dll
0x00007ff98e520000 - 0x00007ff98e55b000 	C:\WINDOWS\system32\IMM32.DLL
0x00000000585f0000 - 0x00000000586c2000 	C:\Program Files\Java\jdk1.8.0_31\jre\bin\msvcr100.dll
0x0000000057d90000 - 0x00000000585ea000 	C:\Program Files\Java\jdk1.8.0_31\jre\bin\server\jvm.dll
0x00007ff98e4b0000 - 0x00007ff98e4b8000 	C:\WINDOWS\system32\PSAPI.DLL
0x00007ff97e960000 - 0x00007ff97e969000 	C:\WINDOWS\SYSTEM32\WSOCK32.dll
0x00007ff98e560000 - 0x00007ff98e5cb000 	C:\WINDOWS\system32\WS2_32.dll
0x00007ff989410000 - 0x00007ff989433000 	C:\WINDOWS\SYSTEM32\WINMM.dll
0x00007ff9892d0000 - 0x00007ff9892fc000 	C:\WINDOWS\SYSTEM32\WINMMBASE.dll
0x00007ff98b670000 - 0x00007ff98b6b3000 	C:\WINDOWS\system32\cfgmgr32.dll
0x0000000058910000 - 0x000000005891f000 	C:\Program Files\Java\jdk1.8.0_31\jre\bin\verify.dll
0x0000000057d60000 - 0x0000000057d88000 	C:\Program Files\Java\jdk1.8.0_31\jre\bin\java.dll
0x00000000588f0000 - 0x0000000058906000 	C:\Program Files\Java\jdk1.8.0_31\jre\bin\zip.dll
0x00007ff98ca30000 - 0x00007ff98df8c000 	C:\WINDOWS\system32\SHELL32.dll
0x00007ff98ad70000 - 0x00007ff98b3b5000 	C:\WINDOWS\system32\windows.storage.dll
0x00007ff98e4c0000 - 0x00007ff98e512000 	C:\WINDOWS\system32\shlwapi.dll
0x00007ff98ac60000 - 0x00007ff98ac6f000 	C:\WINDOWS\system32\kernel.appcore.dll
0x00007ff98b5b0000 - 0x00007ff98b665000 	C:\WINDOWS\system32\shcore.dll
0x00007ff98ac10000 - 0x00007ff98ac5b000 	C:\WINDOWS\system32\powrprof.dll
0x00007ff98abf0000 - 0x00007ff98ac04000 	C:\WINDOWS\system32\profapi.dll
0x00007ff97cc00000 - 0x00007ff97cc10000 	C:\Program Files (x86)\JetBrains\IntelliJ IDEA 14.1.4\bin\breakgen64.dll
0x0000000057d40000 - 0x0000000057d5a000 	C:\Program Files\Java\jdk1.8.0_31\jre\bin\net.dll
0x00007ff98a520000 - 0x00007ff98a57c000 	C:\WINDOWS\system32\mswsock.dll
0x0000000057ba0000 - 0x0000000057d38000 	C:\Program Files\Java\jdk1.8.0_31\jre\bin\awt.dll
0x00007ff98b9d0000 - 0x00007ff98ba91000 	C:\WINDOWS\system32\OLEAUT32.dll
0x00007ff989440000 - 0x00007ff9894b9000 	C:\WINDOWS\system32\apphelp.dll
0x00007ff988710000 - 0x00007ff988732000 	C:\WINDOWS\system32\DWMAPI.DLL
0x00007ff989570000 - 0x00007ff989606000 	C:\WINDOWS\system32\uxtheme.dll
0x00007ff98c870000 - 0x00007ff98c9ca000 	C:\WINDOWS\system32\MSCTF.dll
0x00007ff98c090000 - 0x00007ff98c1d3000 	C:\WINDOWS\system32\ole32.dll
0x00007ff9560a0000 - 0x00007ff95618f000 	C:\Program Files (x86)\ArcGIS SDKs\java10.2.4\arcgisruntime10.2.4\client64\msvcr120.dll
0x00007ff95a0f0000 - 0x00007ff95a196000 	C:\Program Files (x86)\ArcGIS SDKs\java10.2.4\arcgisruntime10.2.4\client64\msvcp120.dll
0x00007ff953be0000 - 0x00007ff955253000 	C:\Program Files (x86)\ArcGIS SDKs\java10.2.4\arcgisruntime10.2.4\client64\runtimecore_java.dll
0x00007ff98b9b0000 - 0x00007ff98b9c7000 	C:\WINDOWS\system32\NETAPI32.dll
0x00007ff9713c0000 - 0x00007ff9713d8000 	C:\WINDOWS\SYSTEM32\USP10.dll
0x00007ff96fb20000 - 0x00007ff96fd30000 	C:\WINDOWS\SYSTEM32\d3d9.dll
0x00007ff987f10000 - 0x00007ff988077000 	C:\WINDOWS\SYSTEM32\aticfx64.dll
0x00007ff985590000 - 0x00007ff98559a000 	C:\WINDOWS\SYSTEM32\VERSION.dll
0x00007ff96faf0000 - 0x00007ff96fb11000 	C:\WINDOWS\SYSTEM32\atiu9p64.dll
0x00007ff961ab0000 - 0x00007ff9626d0000 	C:\WINDOWS\SYSTEM32\igdumd64.dll
0x00007ff961250000 - 0x00007ff961aa9000 	C:\WINDOWS\SYSTEM32\atiumd64.dll
0x00007ff988460000 - 0x00007ff988708000 	C:\WINDOWS\SYSTEM32\d3d11.dll
0x00007ff9883b0000 - 0x00007ff988453000 	C:\WINDOWS\SYSTEM32\dxgi.dll
0x00007ff989500000 - 0x00007ff989528000 	C:\WINDOWS\SYSTEM32\atiuxp64.dll
0x00007ff983c20000 - 0x00007ff984870000 	C:\WINDOWS\SYSTEM32\igd10umd64.dll
0x00007ff984a10000 - 0x00007ff98556f000 	C:\WINDOWS\SYSTEM32\atidxx64.dll
0x00007ff98a5d0000 - 0x00007ff98a5e7000 	C:\WINDOWS\SYSTEM32\CRYPTSP.dll
0x00007ff98a260000 - 0x00007ff98a294000 	C:\WINDOWS\system32\rsaenh.dll
0x00007ff98a7f0000 - 0x00007ff98a819000 	C:\WINDOWS\SYSTEM32\bcrypt.dll
0x00007ff98a3b0000 - 0x00007ff98a3cf000 	C:\WINDOWS\SYSTEM32\USERENV.dll
0x00007ff98a6f0000 - 0x00007ff98a6fb000 	C:\WINDOWS\SYSTEM32\CRYPTBASE.dll
0x00007ff985a70000 - 0x00007ff985aa8000 	C:\WINDOWS\SYSTEM32\IPHLPAPI.DLL
0x00007ff98e3f0000 - 0x00007ff98e3f8000 	C:\WINDOWS\system32\NSI.dll
0x00007ff981e20000 - 0x00007ff981e36000 	C:\WINDOWS\SYSTEM32\dhcpcsvc6.DLL
0x00007ff981db0000 - 0x00007ff981dca000 	C:\WINDOWS\SYSTEM32\dhcpcsvc.DLL
0x0000000057b80000 - 0x0000000057b91000 	C:\Program Files\Java\jdk1.8.0_31\jre\bin\nio.dll
0x0000000057b20000 - 0x0000000057b67000 	C:\Program Files\Java\jdk1.8.0_31\jre\bin\fontmanager.dll
0x0000000057ad0000 - 0x0000000057b11000 	C:\Program Files\Java\jdk1.8.0_31\jre\bin\t2k.dll

VM Arguments:
jvm_args: -Didea.launcher.port=7532 -Didea.launcher.bin.path=C:\Program Files (x86)\JetBrains\IntelliJ IDEA 14.1.4\bin -Dfile.encoding=windows-1251 
java_command: com.intellij.rt.execution.application.AppMain Main
java_class_path (initial): C:\Program Files\Java\jdk1.8.0_31\jre\lib\charsets.jar;C:\Program Files\Java\jdk1.8.0_31\jre\lib\deploy.jar;C:\Program Files\Java\jdk1.8.0_31\jre\lib\javaws.jar;C:\Program Files\Java\jdk1.8.0_31\jre\lib\jce.jar;C:\Program Files\Java\jdk1.8.0_31\jre\lib\jfr.jar;C:\Program Files\Java\jdk1.8.0_31\jre\lib\jfxswt.jar;C:\Program Files\Java\jdk1.8.0_31\jre\lib\jsse.jar;C:\Program Files\Java\jdk1.8.0_31\jre\lib\management-agent.jar;C:\Program Files\Java\jdk1.8.0_31\jre\lib\plugin.jar;C:\Program Files\Java\jdk1.8.0_31\jre\lib\resources.jar;C:\Program Files\Java\jdk1.8.0_31\jre\lib\rt.jar;C:\Program Files\Java\jdk1.8.0_31\jre\lib\ext\access-bridge-64.jar;C:\Program Files\Java\jdk1.8.0_31\jre\lib\ext\cldrdata.jar;C:\Program Files\Java\jdk1.8.0_31\jre\lib\ext\dnsns.jar;C:\Program Files\Java\jdk1.8.0_31\jre\lib\ext\jaccess.jar;C:\Program Files\Java\jdk1.8.0_31\jre\lib\ext\jfxrt.jar;C:\Program Files\Java\jdk1.8.0_31\jre\lib\ext\localedata.jar;C:\Program Files\Java\jdk1.8.0_31\jre\lib\ext\nashorn.jar;C:\Program Files\Java\jdk1.8.0_31\jre\lib\ext\sunec.jar;C:\Program Files\Java\jdk1.8.0_31\jre\lib\ext\sunjce_provider.jar;C:\Program Files\Java\jdk1.8.0_31\jre\lib\ext\sunmscapi.jar;C:\Program Files\Java\jdk1.8.0_31\jre\lib\ext\sunpkcs11.jar;C:\Program Files\Java\jdk1.8.0_31\jre\lib\ext\zipfs.jar;E:\ArcMap\out\production\ArcMap;C:\Program Files (x86)\ArcGIS SDKs\java10.2.4\sdk\jars\json.jar;C:\Program Files (x86)\ArcGIS SDKs\java10.2.4\sdk\jars\jfreechart.jar;C:\Program Files (x86)\ArcGIS SDKs\java10.2.4\sdk\jars\jcommon.jar;C:\Program Files (x86)\ArcGIS SDKs\java10.2.4\sdk\jars\jcifs.jar;C:\Program Files (x86)\ArcGIS SDKs\java10.2.4\sdk\jars\jackson-mapper-lgpl.jar;C:\Program Files (x86)\ArcGIS SDKs\java10.2.4\sdk\jars\jackson-core-lgpl.jar;C:\Program Files (x86)\ArcGIS SDKs\java10.2.4\sdk\jars\httpmime.jar;C:\Program Files (x86)\ArcGIS SDKs\java10.2.4\sdk\jars\httpcore.jar;C:\Program Files (x86)\ArcGIS SDKs\java10.2.4\sdk\jars\httpclient.jar;C:\Program F
Launcher Type: SUN_STANDARD

Environment Variables:
JAVA_HOME=C:\Program Files\Java\jdk1.8.0_31
CLASSPATH=C:\Users\Mariana\Documents\+курсова(wolfram)\commons-codec-1.3.jar;C:\Users\Mariana\Documents\+курсова(wolfram)\httpclient-core-4.0.1.jar;C:\Users\Mariana\Documents\+курсова(wolfram)\httpcore-4.0.1.jar;C:\Users\Mariana\Documents\+курсова(wolfram)\org-apache-commons-logging.jar;C:\Users\Mariana\Documents\+курсова(wolfram)\WolframAlpha-1.1.jar;C:\Users\Mariana\Desktop\Java_Binding_1_1\WolframAlphaJavaLibrary\SampleProgram\AlphaAPISample.java
PATH=C:\Program Files\MATLAB\R2012a\runtime\win64;C:\Program Files\MATLAB\R2012a\bin;C:\Program Files\Java\jdk1.8.0_66\bin
USERNAME=Mariana
OS=Windows_NT
PROCESSOR_IDENTIFIER=Intel64 Family 6 Model 42 Stepping 7, GenuineIntel



---------------  S Y S T E M  ---------------

OS: Windows 8.1 , 64 bit Build 9600 

CPU:total 4 (2 cores per cpu, 2 threads per core) family 6 model 42 stepping 7, cmov, cx8, fxsr, mmx, sse, sse2, sse3, ssse3, sse4.1, sse4.2, popcnt, avx, aes, clmul, ht, tsc, tscinvbit

Memory: 4k page, physical 8321388k(3461592k free), swap 26147180k(19614512k free)

vm_info: Java HotSpot(TM) 64-Bit Server VM (25.31-b07) for windows-amd64 JRE (1.8.0_31-b13), built on Dec 17 2014 21:00:28 by "java_re" with MS VC++ 10.0 (VS2010)

time: Thu Apr 21 15:03:33 2016
elapsed time: 4 seconds (0d 0h 0m 4s)

